<?xml version="1.0" encoding="UTF-8" ?>
<testsuite tests="5" failures="0" name="testRunner.Runnerclass" time="0.005" errors="0" skipped="0">
  <properties>
    <property name="java.vendor" value="Oracle Corporation"/>
    <property name="JOB_NAME" value="HOC1"/>
    <property name="sun.java.launcher" value="SUN_STANDARD"/>
    <property name="NUMBER_OF_PROCESSORS" value="4"/>
    <property name="sun.management.compiler" value="HotSpot 64-Bit Tiered Compilers"/>
    <property name="JENKINS_HOME" value="C:\Workspace\Jenkins"/>
    <property name="HUDSON_SERVER_COOKIE" value="e8865601d9ff0b03"/>
    <property name="POM_ARTIFACTID" value="cucumberxampp"/>
    <property name="os.name" value="Windows 10"/>
    <property name="sun.boot.class.path" value="C:\Program Files\Java\jdk1.8.0_131\jre\lib\resources.jar;C:\Program Files\Java\jdk1.8.0_131\jre\lib\rt.jar;C:\Program Files\Java\jdk1.8.0_131\jre\lib\sunrsasign.jar;C:\Program Files\Java\jdk1.8.0_131\jre\lib\jsse.jar;C:\Program Files\Java\jdk1.8.0_131\jre\lib\jce.jar;C:\Program Files\Java\jdk1.8.0_131\jre\lib\charsets.jar;C:\Program Files\Java\jdk1.8.0_131\jre\lib\jfr.jar;C:\Program Files\Java\jdk1.8.0_131\jre\classes"/>
    <property name="EXECUTOR_NUMBER" value="0"/>
    <property name="sun.desktop" value="windows"/>
    <property name="PATHEXT" value=".COM;.EXE;.BAT;.CMD;.VBS;.VBE;.JS;.JSE;.WSF;.WSH;.MSC"/>
    <property name="java.vm.specification.vendor" value="Oracle Corporation"/>
    <property name="POM_DISPLAYNAME" value="cucumberxampp"/>
    <property name="NODE_LABELS" value="master"/>
    <property name="TEMP" value="C:\windows\TEMP"/>
    <property name="java.runtime.version" value="1.8.0_131-b11"/>
    <property name="WINSW_SERVICE_ID" value="Jenkins"/>
    <property name="user.name" value="N-PRIYA-N-LAP$"/>
    <property name="guice.disable.misplaced.annotation.check" value="true"/>
    <property name="CommonProgramW6432" value="C:\Program Files\Common Files"/>
    <property name="ProgramFiles" value="C:\Program Files (x86)"/>
    <property name="user.language" value="en"/>
    <property name="JOB_BASE_NAME" value="HOC1"/>
    <property name="RUN_CHANGES_DISPLAY_URL" value="http://localhost:8080/job/HOC1/32/display/redirect?page=changes"/>
    <property name="BUILD_DISPLAY_NAME" value="#32"/>
    <property name="sun.boot.library.path" value="C:\Program Files\Java\jdk1.8.0_131\jre\bin"/>
    <property name="LOCALAPPDATA" value="C:\windows\system32\config\systemprofile\AppData\Local"/>
    <property name="java.version" value="1.8.0_131"/>
    <property name="PROCESSOR_LEVEL" value="6"/>
    <property name="user.timezone" value="Europe/London"/>
    <property name="USERNAME" value="N-PRIYA-N-LAP$"/>
    <property name="sun.arch.data.model" value="64"/>
    <property name="NODE_NAME" value="master"/>
    <property name="PROCESSOR_ARCHITEW6432" value="AMD64"/>
    <property name="java.endorsed.dirs" value="C:\Program Files\Java\jdk1.8.0_131\jre\lib\endorsed"/>
    <property name="BUILD_ID" value="32"/>
    <property name="sun.cpu.isalist" value="amd64"/>
    <property name="sun.jnu.encoding" value="Cp1252"/>
    <property name="file.encoding.pkg" value="sun.io"/>
    <property name="file.separator" value="\"/>
    <property name="java.specification.name" value="Java Platform API Specification"/>
    <property name="maven.conf" value="C:\Workspace\apache-maven-3.5.0\conf"/>
    <property name="java.class.version" value="52.0"/>
    <property name="org.slf4j.simpleLogger.defaultLogLevel" value="info"/>
    <property name="user.country" value="GB"/>
    <property name="ALLUSERSPROFILE" value="C:\ProgramData"/>
    <property name="VS140COMNTOOLS" value="C:\Program Files (x86)\Microsoft Visual Studio 14.0\Common7\Tools\"/>
    <property name="java.home" value="C:\Program Files\Java\jdk1.8.0_131\jre"/>
    <property name="java.vm.info" value="mixed mode"/>
    <property name="os.version" value="10.0"/>
    <property name="RUN_DISPLAY_URL" value="http://localhost:8080/job/HOC1/32/display/redirect"/>
    <property name="POM_VERSION" value="0.0.1-SNAPSHOT"/>
    <property name="TMP" value="C:\windows\TEMP"/>
    <property name="path.separator" value=";"/>
    <property name="java.vm.version" value="25.131-b11"/>
    <property name="user.variant" value=""/>
    <property name="JOB_DISPLAY_URL" value="http://localhost:8080/job/HOC1/display/redirect"/>
    <property name="CommonProgramFiles(x86)" value="C:\Program Files (x86)\Common Files"/>
    <property name="java.awt.printerjob" value="sun.awt.windows.WPrinterJob"/>
    <property name="JAVA_HOME" value="C:\Program Files\Java\jdk1.8.0_131"/>
    <property name="sun.io.unicode.encoding" value="UnicodeLittle"/>
    <property name="CommonProgramFiles" value="C:\Program Files (x86)\Common Files"/>
    <property name="ComSpec" value="C:\windows\system32\cmd.exe"/>
    <property name="awt.toolkit" value="sun.awt.windows.WToolkit"/>
    <property name="POM_PACKAGING" value="jar"/>
    <property name="SERVICE_ID" value="Jenkins"/>
    <property name="COMPUTERNAME" value="N-PRIYA-N-LAP"/>
    <property name="user.script" value=""/>
    <property name="POM_GROUPID" value="sampleproject"/>
    <property name="user.home" value="C:\windows\system32\config\systemprofile"/>
    <property name="PUBLIC" value="C:\Users\Public"/>
    <property name="BUILD_TAG" value="jenkins-HOC1-32"/>
    <property name="JENKINS_SERVER_COOKIE" value="e8865601d9ff0b03"/>
    <property name="HUDSON_URL" value="http://localhost:8080/"/>
    <property name="ProgramData" value="C:\ProgramData"/>
    <property name="java.specification.vendor" value="Oracle Corporation"/>
    <property name="test" value="Runnerclass"/>
    <property name="USERPROFILE" value="C:\windows\system32\config\systemprofile"/>
    <property name="CLASSPATH" value=""/>
    <property name="java.vendor.url" value="http://java.oracle.com/"/>
    <property name="java.library.path" value="C:\Program Files\Java\jdk1.8.0_131\bin;C:\windows\Sun\Java\bin;C:\windows\system32;C:\windows;C:\Workspace\apache-maven-3.5.0/bin;C:\Program Files\Java\jdk1.8.0_131/bin;C:\Program Files\Java\jdk1.8.0_131/bin;C:\ProgramData\Oracle\Java\javapath;C:\windows\system32;C:\windows;C:\windows\System32\Wbem;C:\windows\System32\WindowsPowerShell\v1.0\;C:\Program Files\OpenVPN\bin;C:\windows\system32\config\systemprofile\.dnx\bin;C:\Program Files\Microsoft DNX\Dnvm\;C:\Program Files\Microsoft SQL Server\130\Tools\Binn\;C:\Source\Repos\Specflow-CII;C:\Workspace\apache-maven-3.5.0\bin;C:\Workspace\Ruby22-x64\lib\ruby\gems\2.2.0\gems\cucumber-2.4.0\bin;C:\Workspace\webdrivers;C:\Program Files (x86)\Symantec\VIP Access Client\;C:\Program Files\Git\cmd;C:\Program Files\Git\bin\;C:\windows\system32\config\systemprofile\AppData\Local\Microsoft\WindowsApps;."/>
    <property name="java.vm.vendor" value="Oracle Corporation"/>
    <property name="APPDATA" value="C:\windows\system32\config\systemprofile\AppData\Roaming"/>
    <property name="java.runtime.name" value="Java(TM) SE Runtime Environment"/>
    <property name="maven.home" value="C:\Workspace\apache-maven-3.5.0"/>
    <property name="java.class.path" value="C:\Workspace\Jenkins\plugins\maven-plugin\WEB-INF\lib\maven35-agent-1.11.jar;C:\Workspace\apache-maven-3.5.0\boot\plexus-classworlds-2.5.2.jar;C:\Workspace\apache-maven-3.5.0/conf/logging"/>
    <property name="sun.java.command" value="jenkins.maven3.agent.Maven35Main C:\Workspace\apache-maven-3.5.0 C:\Workspace\Jenkins\war\WEB-INF\lib\remoting-3.7.jar C:\Workspace\Jenkins\plugins\maven-plugin\WEB-INF\lib\maven35-interceptor-1.11.jar C:\Workspace\Jenkins\plugins\maven-plugin\WEB-INF\lib\maven3-interceptor-commons-1.11.jar 62675"/>
    <property name="Path" value="C:\Program Files\Java\jdk1.8.0_131/bin;C:\ProgramData\Oracle\Java\javapath;C:\windows\system32;C:\windows;C:\windows\System32\Wbem;C:\windows\System32\WindowsPowerShell\v1.0\;C:\Program Files\OpenVPN\bin;C:\windows\system32\config\systemprofile\.dnx\bin;C:\Program Files\Microsoft DNX\Dnvm\;C:\Program Files\Microsoft SQL Server\130\Tools\Binn\;C:\Source\Repos\Specflow-CII;C:\Workspace\apache-maven-3.5.0\bin;C:\Workspace\Ruby22-x64\lib\ruby\gems\2.2.0\gems\cucumber-2.4.0\bin;C:\Workspace\webdrivers;C:\Program Files (x86)\Symantec\VIP Access Client\;C:\Program Files\Git\cmd;C:\Program Files\Git\bin\;C:\windows\system32\config\systemprofile\AppData\Local\Microsoft\WindowsApps"/>
    <property name="java.vm.specification.name" value="Java Virtual Machine Specification"/>
    <property name="PROCESSOR_ARCHITECTURE" value="x86"/>
    <property name="PATH+JDK" value="C:\Program Files\Java\jdk1.8.0_131/bin"/>
    <property name="PROCESSOR_IDENTIFIER" value="Intel64 Family 6 Model 142 Stepping 9, GenuineIntel"/>
    <property name="java.vm.specification.version" value="1.8"/>
    <property name="sun.os.patch.level" value=""/>
    <property name="sun.cpu.endian" value="little"/>
    <property name="M2_HOME" value="C:\Workspace\apache-maven-3.5.0"/>
    <property name="java.awt.headless" value="true"/>
    <property name="java.io.tmpdir" value="C:\windows\TEMP\"/>
    <property name="OS" value="Windows_NT"/>
    <property name="HUDSON_HOME" value="C:\Workspace\Jenkins"/>
    <property name="PATH+MAVEN" value="C:\Workspace\apache-maven-3.5.0/bin"/>
    <property name="ProgramFiles(x86)" value="C:\Program Files (x86)"/>
    <property name="BUILD_URL" value="http://localhost:8080/job/HOC1/32/"/>
    <property name="java.vendor.url.bug" value="http://bugreport.sun.com/bugreport/"/>
    <property name="java.awt.graphicsenv" value="sun.awt.Win32GraphicsEnvironment"/>
    <property name="os.arch" value="amd64"/>
    <property name="SystemRoot" value="C:\windows"/>
    <property name="java.ext.dirs" value="C:\Program Files\Java\jdk1.8.0_131\jre\lib\ext;C:\windows\Sun\Java\lib\ext"/>
    <property name="user.dir" value="C:\HOC"/>
    <property name="JOB_URL" value="http://localhost:8080/job/HOC1/"/>
    <property name="USERDOMAIN" value="PCLC0"/>
    <property name="line.separator" value="
"/>
    <property name="MAVEN_HOME" value="C:\Workspace\apache-maven-3.5.0"/>
    <property name="java.vm.name" value="Java HotSpot(TM) 64-Bit Server VM"/>
    <property name="BUILD_NUMBER" value="32"/>
    <property name="BASE" value="C:\Workspace\Jenkins"/>
    <property name="JENKINS_URL" value="http://localhost:8080/"/>
    <property name="PROCESSOR_REVISION" value="8e09"/>
    <property name="UATDATA" value="C:\windows\CCM\UATData\D9F8C395-CAB8-491d-B8AC-179A1FE1BE77"/>
    <property name="ProgramW6432" value="C:\Program Files"/>
    <property name="windir" value="C:\windows"/>
    <property name="file.encoding" value="Cp1252"/>
    <property name="SystemDrive" value="C:"/>
    <property name="maven3.interceptor" value="C:\Workspace\Jenkins\plugins\maven-plugin\WEB-INF\lib\maven35-interceptor-1.11.jar"/>
    <property name="WORKSPACE" value="C:\Workspace\Jenkins\workspace\HOC1"/>
    <property name="maven3.interceptor.common" value="C:\Workspace\Jenkins\plugins\maven-plugin\WEB-INF\lib\maven3-interceptor-commons-1.11.jar"/>
    <property name="WINSW_EXECUTABLE" value="C:\Workspace\Jenkins\jenkins.exe"/>
    <property name="java.specification.version" value="1.8"/>
    <property name="PSModulePath" value="C:\Program Files\WindowsPowerShell\Modules;C:\windows\system32\WindowsPowerShell\v1.0\Modules"/>
  </properties>
  <testcase classname="| GC |" name="Given I am on Parliament beta website landing page &quot;GC&quot;" time="0.004"/>
  <testcase classname="| GC |" name="Then I assert the landing page and a pageview is collected in GA" time="0"/>
  <testcase classname="| GC |" name="When I click on Current parliament website link which is present on bottom of the page" time="0"/>
  <testcase classname="| GC |" name="Then I assert the current website URL and an outbound event will be collected in GA" time="0"/>
  <testcase classname="| GC |" name="| GC |" time="0.001"/>
</testsuite>